\BOOKMARK [0][-]{chapter.1}{Introduction}{}% 1
\BOOKMARK [1][-]{section.1.1}{Introduction}{chapter.1}% 2
\BOOKMARK [1][-]{section.1.2}{Basic elements of the SEXTANTE GUI}{chapter.1}% 3
\BOOKMARK [0][-]{chapter.2}{The SEXTANTE toolbox}{}% 4
\BOOKMARK [1][-]{section.2.1}{Introduction}{chapter.2}% 5
\BOOKMARK [1][-]{section.2.2}{The algorithm dialog}{chapter.2}% 6
\BOOKMARK [1][-]{section.2.3}{Data objects generated by SEXTANTE algorithms}{chapter.2}% 7
\BOOKMARK [1][-]{section.2.4}{Configuring SEXTANTE}{chapter.2}% 8
\BOOKMARK [0][-]{chapter.3}{The SEXTANTE graphical modeler}{}% 9
\BOOKMARK [1][-]{section.3.1}{Introduction}{chapter.3}% 10
\BOOKMARK [1][-]{section.3.2}{Definition of inputs}{chapter.3}% 11
\BOOKMARK [1][-]{section.3.3}{Definition of the workflow}{chapter.3}% 12
\BOOKMARK [1][-]{section.3.4}{Saving and loading models}{chapter.3}% 13
\BOOKMARK [1][-]{section.3.5}{About available algorithms}{chapter.3}% 14
\BOOKMARK [1][-]{section.3.6}{SEXTANTE models as Python code}{chapter.3}% 15
\BOOKMARK [0][-]{chapter.4}{The SEXTANTE batch processing interface}{}% 16
\BOOKMARK [1][-]{section.4.1}{Introduction}{chapter.4}% 17
\BOOKMARK [1][-]{section.4.2}{The parameters table}{chapter.4}% 18
\BOOKMARK [1][-]{section.4.3}{Filling the parameters table}{chapter.4}% 19
\BOOKMARK [1][-]{section.4.4}{Executing the batch process}{chapter.4}% 20
\BOOKMARK [0][-]{chapter.5}{Using SEXTANTE from the console. Creating scripts.}{}% 21
\BOOKMARK [1][-]{section.5.1}{Introduction}{chapter.5}% 22
\BOOKMARK [1][-]{section.5.2}{Calling SEXTANTE from the Python console}{chapter.5}% 23
\BOOKMARK [1][-]{section.5.3}{Creating scripts and running them from the toolbox}{chapter.5}% 24
\BOOKMARK [0][-]{chapter.6}{The SEXTANTE history manager}{}% 25
\BOOKMARK [1][-]{section.6.1}{Introduction}{chapter.6}% 26
\BOOKMARK [0][-]{chapter.7}{Configuring external applications}{}% 27
\BOOKMARK [1][-]{section.7.1}{Introduction}{chapter.7}% 28
\BOOKMARK [2][-]{subsection.7.1.1}{A note on file formats}{section.7.1}% 29
\BOOKMARK [1][-]{section.7.2}{SAGA}{chapter.7}% 30
\BOOKMARK [2][-]{subsection.7.2.1}{About SAGA grid system limitations}{section.7.2}% 31
\BOOKMARK [2][-]{subsection.7.2.2}{About vector layer selections}{section.7.2}% 32
\BOOKMARK [1][-]{section.7.3}{R. Creating R scripts}{chapter.7}% 33
\BOOKMARK [1][-]{section.7.4}{GRASS}{chapter.7}% 34
