This is pdfTeX, Version 3.1415926-1.40.11 (MiKTeX 2.9) (preloaded format=pdflatex 2011.10.18)  12 DEC 2011 12:15
entering extended mode
**D:/projects/sextante/docs/LaTeX/en/IntroductionToSEXTANTE/IntroductionToSEXTA
NTE.tex

(D:/projects/sextante/docs/LaTeX/en/IntroductionToSEXTANTE/IntroductionToSEXTAN
TE.tex
LaTeX2e <2009/09/24>
Babel <v3.8l> and hyphenation patterns for english, afrikaans, ancientgreek, ar
abic, armenian, assamese, basque, bengali, bokmal, bulgarian, catalan, coptic, 
croatian, czech, danish, dutch, esperanto, estonian, farsi, finnish, french, ga
lician, german, german-x-2009-06-19, greek, gujarati, hindi, hungarian, iceland
ic, indonesian, interlingua, irish, italian, kannada, kurmanji, lao, latin, lat
vian, lithuanian, malayalam, marathi, mongolian, mongolianlmc, monogreek, ngerm
an, ngerman-x-2009-06-19, nynorsk, oriya, panjabi, pinyin, polish, portuguese, 
romanian, russian, sanskrit, serbian, slovak, slovenian, spanish, swedish, swis
sgerman, tamil, telugu, turkish, turkmen, ukenglish, ukrainian, uppersorbian, u
senglishmax, welsh, loaded.
("C:\Program Files (x86)\MiKTeX 2.9\tex\latex\base\book.cls"
Document Class: book 2007/10/19 v1.4h Standard LaTeX document class
("C:\Program Files (x86)\MiKTeX 2.9\tex\latex\base\bk11.clo"
File: bk11.clo 2007/10/19 v1.4h Standard LaTeX file (size option)
)
\c@part=\count79
\c@chapter=\count80
\c@section=\count81
\c@subsection=\count82
\c@subsubsection=\count83
\c@paragraph=\count84
\c@subparagraph=\count85
\c@figure=\count86
\c@table=\count87
\abovecaptionskip=\skip41
\belowcaptionskip=\skip42
\bibindent=\dimen102
)
("C:\Program Files (x86)\MiKTeX 2.9\tex\latex\base\latexsym.sty"
Package: latexsym 1998/08/17 v2.2e Standard LaTeX package (lasy symbols)
\symlasy=\mathgroup4
LaTeX Font Info:    Overwriting symbol font `lasy' in version `bold'
(Font)                  U/lasy/m/n --> U/lasy/b/n on input line 47.
)
("C:\Program Files (x86)\MiKTeX 2.9\tex\latex\amsfonts\amssymb.sty"
Package: amssymb 2009/06/22 v3.00

("C:\Program Files (x86)\MiKTeX 2.9\tex\latex\amsfonts\amsfonts.sty"
Package: amsfonts 2009/06/22 v3.00 Basic AMSFonts support
\@emptytoks=\toks14
\symAMSa=\mathgroup5
\symAMSb=\mathgroup6
LaTeX Font Info:    Overwriting math alphabet `\mathfrak' in version `bold'
(Font)                  U/euf/m/n --> U/euf/b/n on input line 96.
))
("C:\Program Files (x86)\MiKTeX 2.9\tex\latex\ams\math\amsmath.sty"
Package: amsmath 2000/07/18 v2.13 AMS math features
\@mathmargin=\skip43

For additional information on amsmath, use the `?' option.
("C:\Program Files (x86)\MiKTeX 2.9\tex\latex\ams\math\amstext.sty"
Package: amstext 2000/06/29 v2.01

("C:\Program Files (x86)\MiKTeX 2.9\tex\latex\ams\math\amsgen.sty"
File: amsgen.sty 1999/11/30 v2.0
\@emptytoks=\toks15
\ex@=\dimen103
))
("C:\Program Files (x86)\MiKTeX 2.9\tex\latex\ams\math\amsbsy.sty"
Package: amsbsy 1999/11/29 v1.2d
\pmbraise@=\dimen104
)
("C:\Program Files (x86)\MiKTeX 2.9\tex\latex\ams\math\amsopn.sty"
Package: amsopn 1999/12/14 v2.01 operator names
)
\inf@bad=\count88
LaTeX Info: Redefining \frac on input line 211.
\uproot@=\count89
\leftroot@=\count90
LaTeX Info: Redefining \overline on input line 307.
\classnum@=\count91
\DOTSCASE@=\count92
LaTeX Info: Redefining \ldots on input line 379.
LaTeX Info: Redefining \dots on input line 382.
LaTeX Info: Redefining \cdots on input line 467.
\Mathstrutbox@=\box26
\strutbox@=\box27
\big@size=\dimen105
LaTeX Font Info:    Redeclaring font encoding OML on input line 567.
LaTeX Font Info:    Redeclaring font encoding OMS on input line 568.
\macc@depth=\count93
\c@MaxMatrixCols=\count94
\dotsspace@=\muskip10
\c@parentequation=\count95
\dspbrk@lvl=\count96
\tag@help=\toks16
\row@=\count97
\column@=\count98
\maxfields@=\count99
\andhelp@=\toks17
\eqnshift@=\dimen106
\alignsep@=\dimen107
\tagshift@=\dimen108
\tagwidth@=\dimen109
\totwidth@=\dimen110
\lineht@=\dimen111
\@envbody=\toks18
\multlinegap=\skip44
\multlinetaggap=\skip45
\mathdisplay@stack=\toks19
LaTeX Info: Redefining \[ on input line 2666.
LaTeX Info: Redefining \] on input line 2667.
)
("C:\Program Files (x86)\MiKTeX 2.9\tex\latex\graphics\graphicx.sty"
Package: graphicx 1999/02/16 v1.0f Enhanced LaTeX Graphics (DPC,SPQR)

("C:\Program Files (x86)\MiKTeX 2.9\tex\latex\graphics\keyval.sty"
Package: keyval 1999/03/16 v1.13 key=value parser (DPC)
\KV@toks@=\toks20
)
("C:\Program Files (x86)\MiKTeX 2.9\tex\latex\graphics\graphics.sty"
Package: graphics 2009/02/05 v1.0o Standard LaTeX Graphics (DPC,SPQR)

("C:\Program Files (x86)\MiKTeX 2.9\tex\latex\graphics\trig.sty"
Package: trig 1999/03/16 v1.09 sin cos tan (DPC)
)
("C:\Program Files (x86)\MiKTeX 2.9\tex\latex\00miktex\graphics.cfg"
File: graphics.cfg 2007/01/18 v1.5 graphics configuration of teTeX/TeXLive
)
Package graphics Info: Driver file: pdftex.def on input line 91.

("C:\Program Files (x86)\MiKTeX 2.9\tex\latex\pdftex-def\pdftex.def"
File: pdftex.def 2010/09/14 v0.05b Graphics/color for pdfTeX
\Gread@gobject=\count100
))
\Gin@req@height=\dimen112
\Gin@req@width=\dimen113
)
("C:\Program Files (x86)\MiKTeX 2.9\tex\latex\base\inputenc.sty"
Package: inputenc 2008/03/30 v1.1d Input encoding file
\inpenc@prehook=\toks21
\inpenc@posthook=\toks22

("C:\Program Files (x86)\MiKTeX 2.9\tex\latex\base\latin1.def"
File: latin1.def 2008/03/30 v1.1d Input encoding file
))
("C:\Program Files (x86)\MiKTeX 2.9\tex\latex\hyperref\hyperref.sty"
Package: hyperref 2010/10/30 v6.81t Hypertext links for LaTeX

("C:\Program Files (x86)\MiKTeX 2.9\tex\generic\oberdiek\ltxcmds.sty"
Package: ltxcmds 2010/04/26 v1.7 LaTeX kernel commands for general use (HO)
)
("C:\Program Files (x86)\MiKTeX 2.9\tex\generic\oberdiek\infwarerr.sty"
Package: infwarerr 2010/04/08 v1.3 Providing info/warning/message (HO)
)
("C:\Program Files (x86)\MiKTeX 2.9\tex\generic\oberdiek\kvsetkeys.sty"
Package: kvsetkeys 2010/03/01 v1.9 Key value parser (HO)

("C:\Program Files (x86)\MiKTeX 2.9\tex\generic\oberdiek\etexcmds.sty"
Package: etexcmds 2010/01/28 v1.3 Prefix for e-TeX command names (HO)
Package etexcmds Info: Could not find \expanded.
(etexcmds)             That can mean that you are not using pdfTeX 1.50 or
(etexcmds)             that some package has redefined \expanded.
(etexcmds)             In the latter case, load this package earlier.
))
("C:\Program Files (x86)\MiKTeX 2.9\tex\generic\oberdiek\pdfescape.sty"
Package: pdfescape 2010/03/01 v1.9 Provides hex, PDF name and string conversion
s (HO)

("C:\Program Files (x86)\MiKTeX 2.9\tex\generic\oberdiek\pdftexcmds.sty"
Package: pdftexcmds 2010/04/01 v0.9 Utility functions of pdfTeX for LuaTeX (HO)


("C:\Program Files (x86)\MiKTeX 2.9\tex\generic\oberdiek\ifluatex.sty"
Package: ifluatex 2010/03/01 v1.3 Provides the ifluatex switch (HO)
Package ifluatex Info: LuaTeX not detected.
)
Package pdftexcmds Info: LuaTeX not detected.
Package pdftexcmds Info: \pdf@primitive is available.
Package pdftexcmds Info: \pdf@ifprimitive is available.
))
("C:\Program Files (x86)\MiKTeX 2.9\tex\generic\oberdiek\ifpdf.sty"
Package: ifpdf 2010/01/28 v2.1 Provides the ifpdf switch (HO)
Package ifpdf Info: pdfTeX in pdf mode detected.
)
("C:\Program Files (x86)\MiKTeX 2.9\tex\generic\oberdiek\ifvtex.sty"
Package: ifvtex 2010/03/01 v1.5 Switches for detecting VTeX and its modes (HO)
Package ifvtex Info: VTeX not detected.
)
("C:\Program Files (x86)\MiKTeX 2.9\tex\generic\ifxetex\ifxetex.sty"
Package: ifxetex 2010/09/12 v0.6 Provides ifxetex conditional
)
("C:\Program Files (x86)\MiKTeX 2.9\tex\latex\oberdiek\hycolor.sty"
Package: hycolor 2009/12/12 v1.6 Color options of hyperref/bookmark (HO)

("C:\Program Files (x86)\MiKTeX 2.9\tex\latex\oberdiek\xcolor-patch.sty"
Package: xcolor-patch 2009/12/12 xcolor patch
))
("C:\Program Files (x86)\MiKTeX 2.9\tex\latex\oberdiek\letltxmacro.sty"
Package: letltxmacro 2008/06/24 v1.3 Let assignment for LaTeX macros (HO)
)
("C:\Program Files (x86)\MiKTeX 2.9\tex\latex\oberdiek\kvoptions.sty"
Package: kvoptions 2010/02/22 v3.7 Keyval support for LaTeX options (HO)
)
\@linkdim=\dimen114
\Hy@linkcounter=\count101
\Hy@pagecounter=\count102

("C:\Program Files (x86)\MiKTeX 2.9\tex\latex\hyperref\pd1enc.def"
File: pd1enc.def 2010/10/30 v6.81t Hyperref: PDFDocEncoding definition (HO)
)
("C:\Program Files (x86)\MiKTeX 2.9\tex\generic\oberdiek\intcalc.sty"
Package: intcalc 2007/09/27 v1.1 Expandable integer calculations (HO)
)
\Hy@SavedSpaceFactor=\count103

("C:\Program Files (x86)\MiKTeX 2.9\tex\latex\00miktex\hyperref.cfg"
File: hyperref.cfg 2002/06/06 v1.2 hyperref configuration of TeXLive
)
Package hyperref Info: Hyper figures OFF on input line 3976.
Package hyperref Info: Link nesting OFF on input line 3981.
Package hyperref Info: Hyper index ON on input line 3984.
Package hyperref Info: Plain pages OFF on input line 3991.
Package hyperref Info: Backreferencing OFF on input line 3996.
Package hyperref Info: Implicit mode ON; LaTeX internals redefined.
Package hyperref Info: Bookmarks ON on input line 4211.
\c@Hy@tempcnt=\count104

("C:\Program Files (x86)\MiKTeX 2.9\tex\latex\ltxmisc\url.sty"
\Urlmuskip=\muskip11
Package: url 2006/04/12  ver 3.3  Verb mode for urls, etc.
)
LaTeX Info: Redefining \url on input line 4566.

("C:\Program Files (x86)\MiKTeX 2.9\tex\generic\oberdiek\bitset.sty"
Package: bitset 2007/09/28 v1.0 Data type bit set (HO)

("C:\Program Files (x86)\MiKTeX 2.9\tex\generic\oberdiek\bigintcalc.sty"
Package: bigintcalc 2007/11/11 v1.1 Expandable big integer calculations (HO)
))
\Fld@menulength=\count105
\Field@Width=\dimen115
\Fld@charsize=\dimen116
Package hyperref Info: Hyper figures OFF on input line 5626.
Package hyperref Info: Link nesting OFF on input line 5631.
Package hyperref Info: Hyper index ON on input line 5634.
Package hyperref Info: backreferencing OFF on input line 5641.
Package hyperref Info: Link coloring OFF on input line 5646.
Package hyperref Info: Link coloring with OCG OFF on input line 5651.
Package hyperref Info: PDF/A mode OFF on input line 5656.
LaTeX Info: Redefining \ref on input line 5696.
LaTeX Info: Redefining \pageref on input line 5700.

("C:\Program Files (x86)\MiKTeX 2.9\tex\generic\oberdiek\atbegshi.sty"
Package: atbegshi 2010/03/25 v1.12 At begin shipout hook (HO)
)
\Hy@abspage=\count106
\c@Item=\count107
\c@Hfootnote=\count108
)

Package hyperref Message: Driver (autodetected): hpdftex.

("C:\Program Files (x86)\MiKTeX 2.9\tex\latex\hyperref\hpdftex.def"
File: hpdftex.def 2010/10/30 v6.81t Hyperref driver for pdfTeX

("C:\Program Files (x86)\MiKTeX 2.9\tex\latex\oberdiek\atveryend.sty"
Package: atveryend 2010/03/24 v1.5 Hooks at very end of document (HO)
Package atveryend Info: \enddocument detected (standard).
)
\Fld@listcount=\count109
\c@bookmark@seq@number=\count110

("C:\Program Files (x86)\MiKTeX 2.9\tex\latex\oberdiek\rerunfilecheck.sty"
Package: rerunfilecheck 2010/03/16 v1.6 Rerun checks for auxiliary files (HO)

("C:\Program Files (x86)\MiKTeX 2.9\tex\generic\oberdiek\uniquecounter.sty"
Package: uniquecounter 2009/12/18 v1.1 Provides unlimited unique counter (HO)
)
Package uniquecounter Info: New unique counter `rerunfilecheck' on input line 2
71.
)
\Hy@SectionHShift=\skip46
)
("C:\Program Files (x86)\MiKTeX 2.9\tex\latex\base\makeidx.sty"
Package: makeidx 2000/03/29 v1.0m Standard LaTeX package
)
\@indexfile=\write3

Writing index file IntroductionToSEXTANTE.idx

(D:\projects\sextante\docs\LaTeX\en\IntroductionToSEXTANTE\IntroductionToSEXTAN
TE.aux)
LaTeX Font Info:    Checking defaults for OML/cmm/m/it on input line 60.
LaTeX Font Info:    ... okay on input line 60.
LaTeX Font Info:    Checking defaults for T1/cmr/m/n on input line 60.
LaTeX Font Info:    ... okay on input line 60.
LaTeX Font Info:    Checking defaults for OT1/cmr/m/n on input line 60.
LaTeX Font Info:    ... okay on input line 60.
LaTeX Font Info:    Checking defaults for OMS/cmsy/m/n on input line 60.
LaTeX Font Info:    ... okay on input line 60.
LaTeX Font Info:    Checking defaults for OMX/cmex/m/n on input line 60.
LaTeX Font Info:    ... okay on input line 60.
LaTeX Font Info:    Checking defaults for U/cmr/m/n on input line 60.
LaTeX Font Info:    ... okay on input line 60.
LaTeX Font Info:    Checking defaults for PD1/pdf/m/n on input line 60.
LaTeX Font Info:    ... okay on input line 60.

(C:\Users\volaya\AppData\Roaming\MiKTeX\2.9\tex\context\base\supp-pdf.mkii
[Loading MPS to PDF converter (version 2006.09.02).]
\scratchcounter=\count111
\scratchdimen=\dimen117
\scratchbox=\box28
\nofMPsegments=\count112
\nofMParguments=\count113
\everyMPshowfont=\toks23
\MPscratchCnt=\count114
\MPscratchDim=\dimen118
\MPnumerator=\count115
\everyMPtoPDFconversion=\toks24
)
\AtBeginShipoutBox=\box29
Package hyperref Info: Link coloring OFF on input line 60.
 ("C:\Program Files (x86)\MiKTeX 2.9\tex\latex\hyperref\nameref.sty"
Package: nameref 2010/04/30 v2.40 Cross-referencing by name of section

("C:\Program Files (x86)\MiKTeX 2.9\tex\latex\oberdiek\refcount.sty"
Package: refcount 2008/08/11 v3.1 Data extraction from references (HO)
)
("C:\Program Files (x86)\MiKTeX 2.9\tex\generic\oberdiek\gettitlestring.sty"
Package: gettitlestring 2009/12/18 v1.3 Cleanup title references (HO)
)
\c@section@level=\count116
)
LaTeX Info: Redefining \ref on input line 60.
LaTeX Info: Redefining \pageref on input line 60.
LaTeX Info: Redefining \nameref on input line 60.

(D:\projects\sextante\docs\LaTeX\en\IntroductionToSEXTANTE\IntroductionToSEXTAN
TE.out)
(D:\projects\sextante\docs\LaTeX\en\IntroductionToSEXTANTE\IntroductionToSEXTAN
TE.out)
\@outlinefile=\write4
LaTeX Font Info:    Try loading font information for U+lasy on input line 67.
 ("C:\Program Files (x86)\MiKTeX 2.9\tex\latex\base\ulasy.fd"
File: ulasy.fd 1998/08/17 v2.2e LaTeX symbol font definitions
)
LaTeX Font Info:    Try loading font information for U+msa on input line 67.

("C:\Program Files (x86)\MiKTeX 2.9\tex\latex\amsfonts\umsa.fd"
File: umsa.fd 2009/06/22 v3.00 AMS symbols A
)
LaTeX Font Info:    Try loading font information for U+msb on input line 67.

("C:\Program Files (x86)\MiKTeX 2.9\tex\latex\amsfonts\umsb.fd"
File: umsb.fd 2009/06/22 v3.00 AMS symbols B
) [1



{C:/Users/volaya/AppData/Local/MiKTeX/2.9/pdftex/config/pdftex.map}]
LaTeX Font Info:    Try loading font information for OMS+cmr on input line 74.

("C:\Program Files (x86)\MiKTeX 2.9\tex\latex\base\omscmr.fd"
File: omscmr.fd 1999/05/25 v2.5h Standard LaTeX font definitions
)
LaTeX Font Info:    Font shape `OMS/cmr/m/n' in size <10> not available
(Font)              Font shape `OMS/cmsy/m/n' tried instead on input line 74.

Underfull \hbox (badness 10000) in paragraph at lines 72--75

 []


Underfull \hbox (badness 10000) in paragraph at lines 77--79

 []


Overfull \hbox (12.00237pt too wide) in paragraph at lines 84--87
[]\OT1/cmr/m/n/10 This text can be down-loaded in sev-eral for-mats, in-clud-in
g ed-itable ones, at []$\OT1/cmtt/m/n/10 http : / / www . sextantegis .
 []


Overfull \hbox (4.07408pt too wide) in paragraph at lines 84--87
 [] 
 []

[2]
(D:\projects\sextante\docs\LaTeX\en\IntroductionToSEXTANTE\IntroductionToSEXTAN
TE.toc [3


])
\tf@toc=\write5

No file IntroductionToSEXTANTE.ind.
[4] (D:\projects\sextante\docs\LaTeX\en\IntroductionToSEXTANTE\Intro.tex
Chapter 1.
<sextante_objects.png, id=357, 484.81125pt x 139.52126pt>
File: sextante_objects.png Graphic file (type png)

<use sextante_objects.png>
LaTeX Font Info:    Font shape `OMS/cmr/m/n' in size <10.95> not available
(Font)              Font shape `OMS/cmsy/m/n' tried instead on input line 23.
 <toolbox.png, id=358, 302.63063pt x 379.4175pt>
File: toolbox.png Graphic file (type png)

<use toolbox.png>
Underfull \vbox (badness 5939) has occurred while \output is active []

 [1


 <D:/projects/sextante/docs/LaTeX/en/IntroductionToSEXTANTE/sextante_objects.pn
g (PNG copy)>] <models.png, id=364, 609.02531pt x 396.7322pt>
File: models.png Graphic file (type png)
 <use models.png>
<command_line.png, id=365, 398.48875pt x 298.11375pt>
File: command_line.png Graphic file (type png)
 <use command_line.png>
Underfull \vbox (badness 5847) has occurred while \output is active []

 [2 <D:/projects/sextante/docs/LaTeX/en/IntroductionToSEXTANTE/toolbox.png (PNG
 copy)> <D:/projects/sextante/docs/LaTeX/en/IntroductionToSEXTANTE/models.png (
PNG copy)>]
<history.png, id=370, 490.08093pt x 286.82156pt>
File: history.png Graphic file (type png)
 <use history.png>)
(D:\projects\sextante\docs\LaTeX\en\IntroductionToSEXTANTE\GestorExtensiones.te
x [3 <D:/projects/sextante/docs/LaTeX/en/IntroductionToSEXTANTE/command_line.pn
g (PNG copy)> <D:/projects/sextante/docs/LaTeX/en/IntroductionToSEXTANTE/histor
y.png (PNG copy)>] [4

]
Chapter 2.
File: toolbox.png Graphic file (type png)
<use toolbox.png> [5] <config_dialog.png, id=385, 453.19313pt x 374.90062pt>
File: config_dialog.png Graphic file (type png)

<use config_dialog.png>
<accumulated_cost_anisotropic.png, id=386, 542.025pt x 301.125pt>
File: accumulated_cost_anisotropic.png Graphic file (type png)

<use accumulated_cost_anisotropic.png>
Underfull \vbox (badness 10000) has occurred while \output is active []

 [6 <D:/projects/sextante/docs/LaTeX/en/IntroductionToSEXTANTE/config_dialog.pn
g (PNG copy)>] [7 <D:/projects/sextante/docs/LaTeX/en/IntroductionToSEXTANTE/ac
cumulated_cost_anisotropic.png (PNG copy)>]
<multiple_selection.png, id=395, 362.35374pt x 363.3575pt>
File: multiple_selection.png Graphic file (type png)

<use multiple_selection.png>
<fixed_table.png, id=396, 429.85594pt x 261.22594pt>
File: fixed_table.png Graphic file (type png)
 <use fixed_table.png>
<previous_parameters.png, id=397, 272.51813pt x 24.84282pt>
File: previous_parameters.png Graphic file (type png)

<use previous_parameters.png> [8 <D:/projects/sextante/docs/LaTeX/en/Introducti
onToSEXTANTE/multiple_selection.png (PNG copy)> <D:/projects/sextante/docs/LaTe
X/en/IntroductionToSEXTANTE/fixed_table.png (PNG copy)>]
<fit_to_input_layers.png, id=402, 542.025pt x 301.8778pt>
File: fit_to_input_layers.png Graphic file (type png)

<use fit_to_input_layers.png>
<user_defined.png, id=403, 543.53062pt x 301.8778pt>
File: user_defined.png Graphic file (type png)
 <use user_defined.png>
[9 <D:/projects/sextante/docs/LaTeX/en/IntroductionToSEXTANTE/previous_paramete
rs.png (PNG copy)> <D:/projects/sextante/docs/LaTeX/en/IntroductionToSEXTANTE/f
it_to_input_layers.png (PNG copy)>]
<extent_from_view.png, id=409, 541.27219pt x 301.125pt>
File: extent_from_view.png Graphic file (type png)

<use extent_from_view.png>
<extent_from_layer.png, id=410, 542.025pt x 301.8778pt>
File: extent_from_layer.png Graphic file (type png)

<use extent_from_layer.png> [10 <D:/projects/sextante/docs/LaTeX/en/Introductio
nToSEXTANTE/user_defined.png (PNG copy)> <D:/projects/sextante/docs/LaTeX/en/In
troductionToSEXTANTE/extent_from_view.png (PNG copy)> <D:/projects/sextante/doc
s/LaTeX/en/IntroductionToSEXTANTE/extent_from_layer.png (PNG copy)>]
<warning.png, id=415, 348.30125pt x 113.42375pt>
File: warning.png Graphic file (type png)
 <use warning.png> [11 <D:/projects/sextante/docs/LaTeX/en/IntroductionToSEXTAN
TE/warning.png (PNG copy)>]
<information_square.png, id=420, 701.62125pt x 379.4175pt>
File: information_square.png Graphic file (type png)

<use information_square.png>
Underfull \vbox (badness 10000) has occurred while \output is active []

 [12]
<graphic.png, id=425, 701.62125pt x 378.41376pt>
File: graphic.png Graphic file (type png)
 <use graphic.png>
<help.png, id=426, 561.297pt x 356.532pt>
File: help.png Graphic file (type png)
 <use help.png> [13 <D:/projects/sextante/docs/LaTeX/en/IntroductionToSEXTANTE/
information_square.png (PNG copy)> <D:/projects/sextante/docs/LaTeX/en/Introduc
tionToSEXTANTE/graphic.png (PNG copy)> <D:/projects/sextante/docs/LaTeX/en/Intr
oductionToSEXTANTE/help.png>]
<help_slope.png, id=433, 1151.30125pt x 743.77875pt>
File: help_slope.png Graphic file (type png)
 <use help_slope.png>
<help_edition.png, id=434, 801.99625pt x 527.9725pt>
File: help_edition.png Graphic file (type png)
 <use help_edition.png>
[14 <D:/projects/sextante/docs/LaTeX/en/IntroductionToSEXTANTE/help_slope.png (
PNG copy)> <D:/projects/sextante/docs/LaTeX/en/IntroductionToSEXTANTE/help_edit
ion.png (PNG copy)>] <config_groups.png, id=439, 392.96812pt x 386.19281pt>
File: config_groups.png Graphic file (type png)

<use config_groups.png> [15 <D:/projects/sextante/docs/LaTeX/en/IntroductionToS
EXTANTE/config_groups.png (PNG copy)>] [16]
<numerical_table.png, id=450, 527.72156pt x 264.99pt>
File: numerical_table.png Graphic file (type png)

<use numerical_table.png>)
(D:\projects\sextante\docs\LaTeX\en\IntroductionToSEXTANTE\Modelizador.tex
[17 <D:/projects/sextante/docs/LaTeX/en/IntroductionToSEXTANTE/numerical_table.
png (PNG copy)>] [18

]
Chapter 3.
<graphical_modeler.png, id=459, 600.74437pt x 420.82219pt>
File: graphical_modeler.png Graphic file (type png)

<use graphical_modeler.png> [19 <D:/projects/sextante/docs/LaTeX/en/Introductio
nToSEXTANTE/graphical_modeler.png>]
<models_parameters.png, id=465, 389.455pt x 229.85875pt>
File: models_parameters.png Graphic file (type png)

<use models_parameters.png>
<models_parameters2.png, id=466, 244.915pt x 73.27374pt>
File: models_parameters2.png Graphic file (type png)

<use models_parameters2.png> [20 <D:/projects/sextante/docs/LaTeX/en/Introducti
onToSEXTANTE/models_parameters.png (PNG copy)> <D:/projects/sextante/docs/LaTeX
/en/IntroductionToSEXTANTE/models_parameters2.png (PNG copy)>]
<models_parameters3.png, id=471, 601.4972pt x 420.82219pt>
File: models_parameters3.png Graphic file (type png)

<use models_parameters3.png>
<models_parameters4.png, id=472, 526.96875pt x 311.66437pt>
File: models_parameters4.png Graphic file (type png)

<use models_parameters4.png> [21 <D:/projects/sextante/docs/LaTeX/en/Introducti
onToSEXTANTE/models_parameters3.png (PNG copy)> <D:/projects/sextante/docs/LaTe
X/en/IntroductionToSEXTANTE/models_parameters4.png (PNG copy)>]
<models_parameters5.png, id=478, 600.74437pt x 420.06938pt>
File: models_parameters5.png Graphic file (type png)

<use models_parameters5.png>
Underfull \vbox (badness 10000) has occurred while \output is active []

 [22]
<models_parameters6.png, id=483, 365.86688pt x 46.67438pt>
File: models_parameters6.png Graphic file (type png)

<use models_parameters6.png> [23 <D:/projects/sextante/docs/LaTeX/en/Introducti
onToSEXTANTE/models_parameters5.png (PNG copy)> <D:/projects/sextante/docs/LaTe
X/en/IntroductionToSEXTANTE/models_parameters6.png (PNG copy)>]
<models_icon.png, id=488, 233.37187pt x 84.315pt>
File: models_icon.png Graphic file (type png)
 <use models_icon.png>)
(D:\projects\sextante\docs\LaTeX\en\IntroductionToSEXTANTE\ProcesoLotes.tex
[24 <D:/projects/sextante/docs/LaTeX/en/IntroductionToSEXTANTE/models_icon.png 
(PNG copy)>]
Chapter 4.

Overfull \hbox (6.63403pt too wide) in paragraph at lines 1--1
[]\OT1/cmr/bx/n/24.88 The SEX-TANTE batch pro-cess-ing in-
 []

<batch_processing.png, id=493, 356.33125pt x 450.68375pt>
File: batch_processing.png Graphic file (type png)

<use batch_processing.png> [25

 <D:/projects/sextante/docs/LaTeX/en/IntroductionToSEXTANTE/batch_processing.pn
g (PNG copy)>]
<batch_processing2.png, id=498, 876.27374pt x 376.40625pt>
File: batch_processing2.png Graphic file (type png)

<use batch_processing2.png>
<batch_processing3.png, id=499, 312.16624pt x 120.45pt>
File: batch_processing3.png Graphic file (type png)

<use batch_processing3.png>
<batch_processing4.png, id=500, 563.10374pt x 81.30376pt>
File: batch_processing4.png Graphic file (type png)

<use batch_processing4.png> [26 <D:/projects/sextante/docs/LaTeX/en/Introductio
nToSEXTANTE/batch_processing2.png (PNG copy)> <D:/projects/sextante/docs/LaTeX/
en/IntroductionToSEXTANTE/batch_processing3.png (PNG copy)> <D:/projects/sextan
te/docs/LaTeX/en/IntroductionToSEXTANTE/batch_processing4.png (PNG copy)>]
<batch_processing_bands.png, id=505, 581.17125pt x 456.70625pt>
File: batch_processing_bands.png Graphic file (type png)

<use batch_processing_bands.png>
<batch_processing_save.png, id=506, 966.61125pt x 428.60126pt>
File: batch_processing_save.png Graphic file (type png)

<use batch_processing_save.png>
Underfull \vbox (badness 10000) has occurred while \output is active []

 [27 <D:/projects/sextante/docs/LaTeX/en/IntroductionToSEXTANTE/batch_processin
g_bands.png (PNG copy)>] <batch_processing_filepath.png, id=512, 369.38pt x 84.
315pt>
File: batch_processing_filepath.png Graphic file (type png)

<use batch_processing_filepath.png>
<batch_processing_output.png, id=513, 598.235pt x 487.8225pt>
File: batch_processing_output.png Graphic file (type png)

<use batch_processing_output.png>
Underfull \vbox (badness 10000) has occurred while \output is active []

 [28 <D:/projects/sextante/docs/LaTeX/en/IntroductionToSEXTANTE/batch_processin
g_save.png (PNG copy)> <D:/projects/sextante/docs/LaTeX/en/IntroductionToSEXTAN
TE/batch_processing_filepath.png (PNG copy)>]
<batch_processing_executing.png, id=519, 509.905pt x 336.25626pt>
File: batch_processing_executing.png Graphic file (type png)

<use batch_processing_executing.png>)
(D:\projects\sextante\docs\LaTeX\en\IntroductionToSEXTANTE\LineaComandos.tex
[29 <D:/projects/sextante/docs/LaTeX/en/IntroductionToSEXTANTE/batch_processing
_output.png (PNG copy)> <D:/projects/sextante/docs/LaTeX/en/IntroductionToSEXTA
NTE/batch_processing_executing.png (PNG copy)>] [30

]
Chapter 5.
File: command_line.png Graphic file (type png)
<use command_line.png> [31]
Overfull \hbox (31.426pt too wide) in paragraph at lines 46--47
[]\OT1/cmr/m/n/10.95 To get more in-for-ma-tion about a par-tic-u-lar data ob-j
ect, use the \OT1/cmtt/m/n/10.95 describe(name[]of[]data[]object)
 []

[32] [33]
Runaway argument?
{\begin {verbatim} bsh METHOD(Method) * 0 : Maximum slope (Travis et \ETC.
! Paragraph ended before \begin was complete.
<to be read again> 
                   \par 
l.125 
      
I suspect you've forgotten a `}', causing me to apply this
control sequence to too much text. How can we recover?
My plan is to forget the whole thing and hope for the best.

[34]
Overfull \hbox (24.66576pt too wide) in paragraph at lines 187--187
 []\OT1/cmtt/m/n/10.95 runalg("kernelfilter", "mdt25.asc", "-1, -1, -1, -1, 9, 
-1, -1, -1, -1", "#")[] 
 []

[35]
Overfull \hbox (13.19653pt too wide) in paragraph at lines 225--226
[]\OT1/cmr/m/n/10.95 Changing the no--data value of a raster layer. Use the \OT
1/cmtt/m/n/10.95 setnodata(layer[]name, new[]value)
 []

[36]
Overfull \hbox (3.03938pt too wide) in paragraph at lines 289--290
\OT1/cmtt/m/n/10.95 multiple vector, boolean, number, string, output raster, ou
tput vector, output
 []

[37]) (D:\projects\sextante\docs\LaTeX\en\IntroductionToSEXTANTE\Historial.tex
[38]
Chapter 6.
File: history.png Graphic file (type png)
<use history.png>)
(D:\projects\sextante\docs\LaTeX\en\IntroductionToSEXTANTE\3rdParty.tex
[39

] [40

]
Chapter 7.
[41] [42]
Overfull \hbox (5.76793pt too wide) in paragraph at lines 106--107
[]\OT1/cmr/m/n/10.95 There are sev-eral dif-fer-ent ver-sions of GRASS avail-ab
le. Cur-rently, the GRASS-SEXTANTE
 []

[43] [44] [45]
Overfull \hbox (2.01073pt too wide) in paragraph at lines 176--177
\OT1/cmr/m/n/10.95 Raster data in a va-ri-ety of for-mats can be im-ported and 
ex-port-ing us-ing r.in.gdal and r.out.gdal,
 []

[46] [47] [48]
Overfull \hbox (8.41719pt too wide) in paragraph at lines 267--268
\OT1/cmr/m/n/10.95 should be shown. Usu-ally, this should match the pack-age na
me, for in-stance \OT1/cmtt/m/n/10.95 //maptoools=group 
 []


Overfull \hbox (18.28065pt too wide) in paragraph at lines 284--285
\OT1/cmr/m/n/10.95 named \OT1/cmtt/m/n/10.95 out \OT1/cmr/m/n/10.95 and store a
 \OT1/cmtt/m/n/10.95 Spatial*DataFrame \OT1/cmr/m/n/10.95 ob-ject in it (in thi
s case, a \OT1/cmtt/m/n/10.95 SpatialPointsDataFrame\OT1/cmr/m/n/10.95 ).
 []


Overfull \hbox (40.3611pt too wide) in paragraph at lines 286--287
[]\OT1/cmr/m/n/10.95 In this case, the re-sult ob-tained from the \OT1/cmtt/m/n
/10.95 spsample \OT1/cmr/m/n/10.95 method is not it-self a \OT1/cmtt/m/n/10.95 
SpatialPointsDataFrame\OT1/cmr/m/n/10.95 ,
 []

[49]) (D:\projects\sextante\docs\LaTeX\en\IntroductionToSEXTANTE\R.tex)
Package atveryend Info: Empty hook `BeforeClearDocument' on input line 106.

[50]
Package atveryend Info: Empty hook `AfterLastShipout' on input line 106.

(D:\projects\sextante\docs\LaTeX\en\IntroductionToSEXTANTE\IntroductionToSEXTAN
TE.aux)
Package atveryend Info: Executing hook `AtVeryEndDocument' on input line 106.
Package rerunfilecheck Info: File `IntroductionToSEXTANTE.out' has not changed.

(rerunfilecheck)             Checksum: 108A56293F889899F990B44C6AAEEF5A;4557.
 ) 
Here is how much of TeX's memory you used:
 6119 strings out of 494019
 91590 string characters out of 3143878
 165280 words of memory out of 3000000
 9100 multiletter control sequences out of 15000+200000
 18165 words of font info for 75 fonts, out of 3000000 for 9000
 714 hyphenation exceptions out of 8191
 31i,8n,31p,840b,562s stack positions out of 5000i,500n,10000p,200000b,50000s
<C:/Program Files (x86)/MiKTeX 2.9/fonts/type1/public/amsfonts/cm/cmbx10.pfb>
<C:/Program Files (x86)/MiKTeX 2.9/fonts/type1/public/amsfonts/cm/cmbx12.pfb><C
:/Program Files (x86)/MiKTeX 2.9/fonts/type1/public/amsfonts/cm/cmcsc10.pfb><C:
/Program Files (x86)/MiKTeX 2.9/fonts/type1/public/amsfonts/cm/cmmi10.pfb><C:/P
rogram Files (x86)/MiKTeX 2.9/fonts/type1/public/amsfonts/cm/cmr10.pfb><C:/Prog
ram Files (x86)/MiKTeX 2.9/fonts/type1/public/amsfonts/cm/cmr12.pfb><C:/Program
 Files (x86)/MiKTeX 2.9/fonts/type1/public/amsfonts/cm/cmr6.pfb><C:/Program Fil
es (x86)/MiKTeX 2.9/fonts/type1/public/amsfonts/cm/cmr8.pfb><C:/Program Files (
x86)/MiKTeX 2.9/fonts/type1/public/amsfonts/cm/cmsl10.pfb><C:/Program Files (x8
6)/MiKTeX 2.9/fonts/type1/public/amsfonts/cm/cmss10.pfb><C:/Program Files (x86)
/MiKTeX 2.9/fonts/type1/public/amsfonts/cm/cmsy10.pfb><C:/Program Files (x86)/M
iKTeX 2.9/fonts/type1/public/amsfonts/cm/cmti10.pfb><C:/Program Files (x86)/MiK
TeX 2.9/fonts/type1/public/amsfonts/cm/cmtt10.pfb><C:/Program Files (x86)/MiKTe
X 2.9/fonts/type1/public/amsfonts/cm/cmtt9.pfb>
Output written on IntroductionToSEXTANTE.pdf (54 pages, 1197424 bytes).
PDF statistics:
 695 PDF objects out of 1000 (max. 8388607)
 123 named destinations out of 1000 (max. 500000)
 716 words of extra memory for PDF output out of 10000 (max. 10000000)

