\BOOKMARK [0][-]{chapter.1}{Introduction}{}% 1
\BOOKMARK [1][-]{section.1.1}{Introduction}{chapter.1}% 2
\BOOKMARK [1][-]{section.1.2}{Getting SEXTANTE}{chapter.1}% 3
\BOOKMARK [1][-]{section.1.3}{The architecture of SEXTANTE}{chapter.1}% 4
\BOOKMARK [0][-]{chapter.2}{Using SEXTANTE algorithms}{}% 5
\BOOKMARK [1][-]{section.2.1}{Introduction. Initial settings}{chapter.2}% 6
\BOOKMARK [1][-]{section.2.2}{Executing a geoalgorithm}{chapter.2}% 7
\BOOKMARK [0][-]{chapter.3}{Programming geoalgorithms}{}% 8
\BOOKMARK [1][-]{section.3.1}{Introduction. Initial settings}{chapter.3}% 9
\BOOKMARK [1][-]{section.3.2}{The GeoAlgorithm class. Creating a geoalgorithm}{chapter.3}% 10
\BOOKMARK [2][-]{subsection.3.2.1}{Defining the characteristics of the algorithm}{section.3.2}% 11
\BOOKMARK [2][-]{subsection.3.2.2}{Implementing the process}{section.3.2}% 12
\BOOKMARK [1][-]{section.3.3}{Another example}{chapter.3}% 13
\BOOKMARK [1][-]{section.3.4}{More about raster output characteristics}{chapter.3}% 14
\BOOKMARK [1][-]{section.3.5}{More about vector output characteristics}{chapter.3}% 15
\BOOKMARK [1][-]{section.3.6}{Using temporary layers}{chapter.3}% 16
\BOOKMARK [1][-]{section.3.7}{Deploying and using the algorithm}{chapter.3}% 17
\BOOKMARK [1][-]{section.3.8}{Internationalization}{chapter.3}% 18
\BOOKMARK [1][-]{section.3.9}{Calling geoalgorithms from another geoalgorithm}{chapter.3}% 19
\BOOKMARK [0][-]{chapter.4}{Developing bindings}{}% 20
\BOOKMARK [1][-]{section.4.1}{Introduction}{chapter.4}% 21
\BOOKMARK [1][-]{section.4.2}{Binding the data model}{chapter.4}% 22
\BOOKMARK [1][-]{section.4.3}{Using SEXTANTE graphical elements}{chapter.4}% 23
\BOOKMARK [0][-]{chapter.5}{Setting up Eclipse to work with SEXTANTE and gvSIG}{}% 24
\BOOKMARK [1][-]{section.5.1}{Introduction}{chapter.5}% 25
\BOOKMARK [1][-]{section.5.2}{Setting up gvSIG}{chapter.5}% 26
\BOOKMARK [1][-]{section.5.3}{Setting up SEXTANTE}{chapter.5}% 27
\BOOKMARK [1][-]{section.5.4}{Developing and testing your algorithms}{chapter.5}% 28
