This is pdfTeX, Version 3.1415926-2.3-1.40.12 (MiKTeX 2.9) (preloaded format=pdflatex 2012.3.15)  27 MAR 2012 15:53
entering extended mode
**D:/projects/sextante/docs/LaTeX/en/IntroductionToSEXTANTEForQGis/Introduction
ToSEXTANTE.tex

(D:/projects/sextante/docs/LaTeX/en/IntroductionToSEXTANTEForQGis/IntroductionT
oSEXTANTE.tex
LaTeX2e <2011/06/27>
Babel <v3.8m> and hyphenation patterns for english, afrikaans, ancientgreek, ar
abic, armenian, assamese, basque, bengali, bokmal, bulgarian, catalan, coptic, 
croatian, czech, danish, dutch, esperanto, estonian, farsi, finnish, french, ga
lician, german, german-x-2009-06-19, greek, gujarati, hindi, hungarian, iceland
ic, indonesian, interlingua, irish, italian, kannada, kurmanji, lao, latin, lat
vian, lithuanian, malayalam, marathi, mongolian, mongolianlmc, monogreek, ngerm
an, ngerman-x-2009-06-19, nynorsk, oriya, panjabi, pinyin, polish, portuguese, 
romanian, russian, sanskrit, serbian, slovak, slovenian, spanish, swedish, swis
sgerman, tamil, telugu, turkish, turkmen, ukenglish, ukrainian, uppersorbian, u
senglishmax, welsh, loaded.
("C:\Program Files (x86)\MiKTeX 2.9\tex\latex\base\book.cls"
Document Class: book 2007/10/19 v1.4h Standard LaTeX document class
("C:\Program Files (x86)\MiKTeX 2.9\tex\latex\base\bk11.clo"
File: bk11.clo 2007/10/19 v1.4h Standard LaTeX file (size option)
)
\c@part=\count79
\c@chapter=\count80
\c@section=\count81
\c@subsection=\count82
\c@subsubsection=\count83
\c@paragraph=\count84
\c@subparagraph=\count85
\c@figure=\count86
\c@table=\count87
\abovecaptionskip=\skip41
\belowcaptionskip=\skip42
\bibindent=\dimen102
)
("C:\Program Files (x86)\MiKTeX 2.9\tex\latex\base\latexsym.sty"
Package: latexsym 1998/08/17 v2.2e Standard LaTeX package (lasy symbols)
\symlasy=\mathgroup4
LaTeX Font Info:    Overwriting symbol font `lasy' in version `bold'
(Font)                  U/lasy/m/n --> U/lasy/b/n on input line 47.
)
("C:\Program Files (x86)\MiKTeX 2.9\tex\latex\amsfonts\amssymb.sty"
Package: amssymb 2009/06/22 v3.00

("C:\Program Files (x86)\MiKTeX 2.9\tex\latex\amsfonts\amsfonts.sty"
Package: amsfonts 2009/06/22 v3.00 Basic AMSFonts support
\@emptytoks=\toks14
\symAMSa=\mathgroup5
\symAMSb=\mathgroup6
LaTeX Font Info:    Overwriting math alphabet `\mathfrak' in version `bold'
(Font)                  U/euf/m/n --> U/euf/b/n on input line 96.
))
("C:\Program Files (x86)\MiKTeX 2.9\tex\latex\ams\math\amsmath.sty"
Package: amsmath 2000/07/18 v2.13 AMS math features
\@mathmargin=\skip43

For additional information on amsmath, use the `?' option.
("C:\Program Files (x86)\MiKTeX 2.9\tex\latex\ams\math\amstext.sty"
Package: amstext 2000/06/29 v2.01

("C:\Program Files (x86)\MiKTeX 2.9\tex\latex\ams\math\amsgen.sty"
File: amsgen.sty 1999/11/30 v2.0
\@emptytoks=\toks15
\ex@=\dimen103
))
("C:\Program Files (x86)\MiKTeX 2.9\tex\latex\ams\math\amsbsy.sty"
Package: amsbsy 1999/11/29 v1.2d
\pmbraise@=\dimen104
)
("C:\Program Files (x86)\MiKTeX 2.9\tex\latex\ams\math\amsopn.sty"
Package: amsopn 1999/12/14 v2.01 operator names
)
\inf@bad=\count88
LaTeX Info: Redefining \frac on input line 211.
\uproot@=\count89
\leftroot@=\count90
LaTeX Info: Redefining \overline on input line 307.
\classnum@=\count91
\DOTSCASE@=\count92
LaTeX Info: Redefining \ldots on input line 379.
LaTeX Info: Redefining \dots on input line 382.
LaTeX Info: Redefining \cdots on input line 467.
\Mathstrutbox@=\box26
\strutbox@=\box27
\big@size=\dimen105
LaTeX Font Info:    Redeclaring font encoding OML on input line 567.
LaTeX Font Info:    Redeclaring font encoding OMS on input line 568.
\macc@depth=\count93
\c@MaxMatrixCols=\count94
\dotsspace@=\muskip10
\c@parentequation=\count95
\dspbrk@lvl=\count96
\tag@help=\toks16
\row@=\count97
\column@=\count98
\maxfields@=\count99
\andhelp@=\toks17
\eqnshift@=\dimen106
\alignsep@=\dimen107
\tagshift@=\dimen108
\tagwidth@=\dimen109
\totwidth@=\dimen110
\lineht@=\dimen111
\@envbody=\toks18
\multlinegap=\skip44
\multlinetaggap=\skip45
\mathdisplay@stack=\toks19
LaTeX Info: Redefining \[ on input line 2666.
LaTeX Info: Redefining \] on input line 2667.
)
("C:\Program Files (x86)\MiKTeX 2.9\tex\latex\graphics\graphicx.sty"
Package: graphicx 1999/02/16 v1.0f Enhanced LaTeX Graphics (DPC,SPQR)

("C:\Program Files (x86)\MiKTeX 2.9\tex\latex\graphics\keyval.sty"
Package: keyval 1999/03/16 v1.13 key=value parser (DPC)
\KV@toks@=\toks20
)
("C:\Program Files (x86)\MiKTeX 2.9\tex\latex\graphics\graphics.sty"
Package: graphics 2009/02/05 v1.0o Standard LaTeX Graphics (DPC,SPQR)

("C:\Program Files (x86)\MiKTeX 2.9\tex\latex\graphics\trig.sty"
Package: trig 1999/03/16 v1.09 sin cos tan (DPC)
)
("C:\Program Files (x86)\MiKTeX 2.9\tex\latex\00miktex\graphics.cfg"
File: graphics.cfg 2007/01/18 v1.5 graphics configuration of teTeX/TeXLive
)
Package graphics Info: Driver file: pdftex.def on input line 91.

("C:\Program Files (x86)\MiKTeX 2.9\tex\latex\pdftex-def\pdftex.def"
File: pdftex.def 2011/05/27 v0.06d Graphics/color for pdfTeX

("C:\Program Files (x86)\MiKTeX 2.9\tex\generic\oberdiek\infwarerr.sty"
Package: infwarerr 2010/04/08 v1.3 Providing info/warning/message (HO)
)
("C:\Program Files (x86)\MiKTeX 2.9\tex\generic\oberdiek\ltxcmds.sty"
Package: ltxcmds 2011/04/18 v1.20 LaTeX kernel commands for general use (HO)
)
\Gread@gobject=\count100
))
\Gin@req@height=\dimen112
\Gin@req@width=\dimen113
)
("C:\Program Files (x86)\MiKTeX 2.9\tex\latex\base\inputenc.sty"
Package: inputenc 2008/03/30 v1.1d Input encoding file
\inpenc@prehook=\toks21
\inpenc@posthook=\toks22

("C:\Program Files (x86)\MiKTeX 2.9\tex\latex\base\latin1.def"
File: latin1.def 2008/03/30 v1.1d Input encoding file
))
("C:\Program Files (x86)\MiKTeX 2.9\tex\latex\hyperref\hyperref.sty"
Package: hyperref 2011/12/04 v6.82m Hypertext links for LaTeX

("C:\Program Files (x86)\MiKTeX 2.9\tex\generic\oberdiek\hobsub-hyperref.sty"
Package: hobsub-hyperref 2011/04/23 v1.4 Bundle oberdiek, subset hyperref (HO)

("C:\Program Files (x86)\MiKTeX 2.9\tex\generic\oberdiek\hobsub-generic.sty"
Package: hobsub-generic 2011/04/23 v1.4 Bundle oberdiek, subset generic (HO)
Package: hobsub 2011/04/23 v1.4 Subsetting bundle oberdiek (HO)
Package hobsub Info: Skipping package `infwarerr' (already loaded).
Package hobsub Info: Skipping package `ltxcmds' (already loaded).
Package: ifluatex 2010/03/01 v1.3 Provides the ifluatex switch (HO)
Package ifluatex Info: LuaTeX not detected.
Package: ifvtex 2010/03/01 v1.5 Switches for detecting VTeX and its modes (HO)
Package ifvtex Info: VTeX not detected.
Package: intcalc 2007/09/27 v1.1 Expandable integer calculations (HO)
Package: ifpdf 2011/01/30 v2.3 Provides the ifpdf switch (HO)
Package ifpdf Info: pdfTeX in PDF mode is detected.
Package: etexcmds 2011/02/16 v1.5 Prefix for e-TeX command names (HO)
Package etexcmds Info: Could not find \expanded.
(etexcmds)             That can mean that you are not using pdfTeX 1.50 or
(etexcmds)             that some package has redefined \expanded.
(etexcmds)             In the latter case, load this package earlier.
Package: kvsetkeys 2011/04/07 v1.13 Key value parser (HO)
Package: kvdefinekeys 2011/04/07 v1.3 Defining keys (HO)
Package: pdftexcmds 2011/04/22 v0.16 Utilities of pdfTeX for LuaTeX (HO)
Package pdftexcmds Info: LuaTeX not detected.
Package pdftexcmds Info: \pdf@primitive is available.
Package pdftexcmds Info: \pdf@ifprimitive is available.
Package pdftexcmds Info: \pdfdraftmode found.
Package: pdfescape 2011/04/04 v1.12 Provides string conversions (HO)
Package: bigintcalc 2011/01/30 v1.2 Expandable big integer calculations (HO)
Package: bitset 2011/01/30 v1.1 Data type bit set (HO)
Package: uniquecounter 2011/01/30 v1.2 Provides unlimited unique counter (HO)
)
Package hobsub Info: Skipping package `hobsub' (already loaded).
Package: letltxmacro 2010/09/02 v1.4 Let assignment for LaTeX macros (HO)
Package: hopatch 2011/01/30 v1.0 Wrapper for package hooks (HO)
Package: xcolor-patch 2011/01/30 xcolor patch
Package: atveryend 2011/04/23 v1.7 Hooks at very end of document (HO)
Package: atbegshi 2011/01/30 v1.15 At begin shipout hook (HO)
Package: refcount 2010/12/01 v3.2 Data extraction from references (HO)
Package: hycolor 2011/01/30 v1.7 Color options of hyperref/bookmark (HO)
)
("C:\Program Files (x86)\MiKTeX 2.9\tex\generic\ifxetex\ifxetex.sty"
Package: ifxetex 2010/09/12 v0.6 Provides ifxetex conditional
)
("C:\Program Files (x86)\MiKTeX 2.9\tex\latex\oberdiek\kvoptions.sty"
Package: kvoptions 2010/12/23 v3.10 Keyval support for LaTeX options (HO)
)
\@linkdim=\dimen114
\Hy@linkcounter=\count101
\Hy@pagecounter=\count102

("C:\Program Files (x86)\MiKTeX 2.9\tex\latex\hyperref\pd1enc.def"
File: pd1enc.def 2011/12/04 v6.82m Hyperref: PDFDocEncoding definition (HO)
)
\Hy@SavedSpaceFactor=\count103

("C:\Program Files (x86)\MiKTeX 2.9\tex\latex\00miktex\hyperref.cfg"
File: hyperref.cfg 2002/06/06 v1.2 hyperref configuration of TeXLive
)
Package hyperref Info: Hyper figures OFF on input line 4046.
Package hyperref Info: Link nesting OFF on input line 4051.
Package hyperref Info: Hyper index ON on input line 4054.
Package hyperref Info: Plain pages OFF on input line 4061.
Package hyperref Info: Backreferencing OFF on input line 4066.
Package hyperref Info: Implicit mode ON; LaTeX internals redefined.
Package hyperref Info: Bookmarks ON on input line 4284.
\c@Hy@tempcnt=\count104

("C:\Program Files (x86)\MiKTeX 2.9\tex\latex\ltxmisc\url.sty"
\Urlmuskip=\muskip11
Package: url 2006/04/12  ver 3.3  Verb mode for urls, etc.
)
LaTeX Info: Redefining \url on input line 4637.
\Fld@menulength=\count105
\Field@Width=\dimen115
\Fld@charsize=\dimen116
Package hyperref Info: Hyper figures OFF on input line 5757.
Package hyperref Info: Link nesting OFF on input line 5762.
Package hyperref Info: Hyper index ON on input line 5765.
Package hyperref Info: backreferencing OFF on input line 5772.
Package hyperref Info: Link coloring OFF on input line 5777.
Package hyperref Info: Link coloring with OCG OFF on input line 5782.
Package hyperref Info: PDF/A mode OFF on input line 5787.
LaTeX Info: Redefining \ref on input line 5827.
LaTeX Info: Redefining \pageref on input line 5831.
\Hy@abspage=\count106
\c@Item=\count107
\c@Hfootnote=\count108
)

Package hyperref Message: Driver (autodetected): hpdftex.

("C:\Program Files (x86)\MiKTeX 2.9\tex\latex\hyperref\hpdftex.def"
File: hpdftex.def 2011/12/04 v6.82m Hyperref driver for pdfTeX
\Fld@listcount=\count109
\c@bookmark@seq@number=\count110

("C:\Program Files (x86)\MiKTeX 2.9\tex\latex\oberdiek\rerunfilecheck.sty"
Package: rerunfilecheck 2011/04/15 v1.7 Rerun checks for auxiliary files (HO)
Package uniquecounter Info: New unique counter `rerunfilecheck' on input line 2
82.
)
\Hy@SectionHShift=\skip46
)
("C:\Program Files (x86)\MiKTeX 2.9\tex\latex\base\makeidx.sty"
Package: makeidx 2000/03/29 v1.0m Standard LaTeX package
)
\@indexfile=\write3

Writing index file IntroductionToSEXTANTE.idx

(D:\projects\sextante\docs\LaTeX\en\IntroductionToSEXTANTEForQGis\IntroductionT
oSEXTANTE.aux)
LaTeX Font Info:    Checking defaults for OML/cmm/m/it on input line 67.
LaTeX Font Info:    ... okay on input line 67.
LaTeX Font Info:    Checking defaults for T1/cmr/m/n on input line 67.
LaTeX Font Info:    ... okay on input line 67.
LaTeX Font Info:    Checking defaults for OT1/cmr/m/n on input line 67.
LaTeX Font Info:    ... okay on input line 67.
LaTeX Font Info:    Checking defaults for OMS/cmsy/m/n on input line 67.
LaTeX Font Info:    ... okay on input line 67.
LaTeX Font Info:    Checking defaults for OMX/cmex/m/n on input line 67.
LaTeX Font Info:    ... okay on input line 67.
LaTeX Font Info:    Checking defaults for U/cmr/m/n on input line 67.
LaTeX Font Info:    ... okay on input line 67.
LaTeX Font Info:    Checking defaults for PD1/pdf/m/n on input line 67.
LaTeX Font Info:    ... okay on input line 67.

(C:\Users\Volaya\AppData\Roaming\MiKTeX\2.9\tex\context\base\supp-pdf.mkii
[Loading MPS to PDF converter (version 2006.09.02).]
\scratchcounter=\count111
\scratchdimen=\dimen117
\scratchbox=\box28
\nofMPsegments=\count112
\nofMParguments=\count113
\everyMPshowfont=\toks23
\MPscratchCnt=\count114
\MPscratchDim=\dimen118
\MPnumerator=\count115
\makeMPintoPDFobject=\count116
\everyMPtoPDFconversion=\toks24
)
\AtBeginShipoutBox=\box29
Package hyperref Info: Link coloring OFF on input line 67.
 ("C:\Program Files (x86)\MiKTeX 2.9\tex\latex\hyperref\nameref.sty"
Package: nameref 2010/04/30 v2.40 Cross-referencing by name of section

("C:\Program Files (x86)\MiKTeX 2.9\tex\generic\oberdiek\gettitlestring.sty"
Package: gettitlestring 2010/12/03 v1.4 Cleanup title references (HO)
)
\c@section@level=\count117
)
LaTeX Info: Redefining \ref on input line 67.
LaTeX Info: Redefining \pageref on input line 67.
LaTeX Info: Redefining \nameref on input line 67.

(D:\projects\sextante\docs\LaTeX\en\IntroductionToSEXTANTEForQGis\IntroductionT
oSEXTANTE.out)
(D:\projects\sextante\docs\LaTeX\en\IntroductionToSEXTANTEForQGis\IntroductionT
oSEXTANTE.out)
\@outlinefile=\write4
 <qgis.png, id=131, 836.12375pt x 942.52126pt>
File: qgis.png Graphic file (type png)
 <use qgis.png>
Package pdftex.def Info: qgis.png used on input line 74.
(pdftex.def)             Requested size: 178.14058pt x 200.81165pt.

<sextante_logo.png, id=132, 354.32375pt x 76.285pt>
File: sextante_logo.png Graphic file (type png)
 <use sextante_logo.png>
Package pdftex.def Info: sextante_logo.png used on input line 74.
(pdftex.def)             Requested size: 356.28796pt x 76.70966pt.
LaTeX Font Info:    Try loading font information for U+lasy on input line 74.

("C:\Program Files (x86)\MiKTeX 2.9\tex\latex\base\ulasy.fd"
File: ulasy.fd 1998/08/17 v2.2e LaTeX symbol font definitions
)
LaTeX Font Info:    Try loading font information for U+msa on input line 74.

("C:\Program Files (x86)\MiKTeX 2.9\tex\latex\amsfonts\umsa.fd"
File: umsa.fd 2009/06/22 v3.00 AMS symbols A
)
LaTeX Font Info:    Try loading font information for U+msb on input line 74.

("C:\Program Files (x86)\MiKTeX 2.9\tex\latex\amsfonts\umsb.fd"
File: umsb.fd 2009/06/22 v3.00 AMS symbols B
) [1



{C:/Users/Volaya/AppData/Local/MiKTeX/2.9/pdftex/config/pdftex.map} <D:/project
s/sextante/docs/LaTeX/en/IntroductionToSEXTANTEForQGis/qgis.png (PNG copy)> <D:
/projects/sextante/docs/LaTeX/en/IntroductionToSEXTANTEForQGis/sextante_logo.pn
g>]
LaTeX Font Info:    Try loading font information for OMS+cmr on input line 81.

("C:\Program Files (x86)\MiKTeX 2.9\tex\latex\base\omscmr.fd"
File: omscmr.fd 1999/05/25 v2.5h Standard LaTeX font definitions
)
LaTeX Font Info:    Font shape `OMS/cmr/m/n' in size <10> not available
(Font)              Font shape `OMS/cmsy/m/n' tried instead on input line 81.

Underfull \hbox (badness 10000) in paragraph at lines 79--82

 []


Underfull \hbox (badness 10000) in paragraph at lines 84--86

 []


Overfull \hbox (12.00237pt too wide) in paragraph at lines 91--94
[]\OT1/cmr/m/n/10 This text can be down-loaded in sev-eral for-mats, in-clud-in
g ed-itable ones, at []$\OT1/cmtt/m/n/10 http : / / www . sextantegis .
 []


Overfull \hbox (4.07408pt too wide) in paragraph at lines 91--94
 [] 
 []

[2]
(D:\projects\sextante\docs\LaTeX\en\IntroductionToSEXTANTEForQGis\IntroductionT
oSEXTANTE.toc [3


])
\tf@toc=\write5

No file IntroductionToSEXTANTE.ind.
[4] (D:\projects\sextante\docs\LaTeX\en\IntroductionToSEXTANTEForQGis\intro.tex
Chapter 1.
LaTeX Font Info:    Font shape `OMS/cmr/m/n' in size <10.95> not available
(Font)              Font shape `OMS/cmsy/m/n' tried instead on input line 17.
<toolbox.png, id=195, 198.7425pt x 242.40562pt>
File: toolbox.png Graphic file (type png)
 <use toolbox.png>
Package pdftex.def Info: toolbox.png used on input line 19.
(pdftex.def)             Requested size: 222.67912pt x 271.61078pt.

Underfull \vbox (badness 10000) has occurred while \output is active []

 [1


]
<models.png, id=202, 760.34062pt x 473.51906pt>
File: models.png Graphic file (type png)
 <use models.png>
Package pdftex.def Info: models.png used on input line 23.
(pdftex.def)             Requested size: 400.8197pt x 249.62721pt.

<history.png, id=203, 496.85625pt x 336.50719pt>
File: history.png Graphic file (type png)
 <use history.png>
Package pdftex.def Info: history.png used on input line 27.
(pdftex.def)             Requested size: 356.28796pt x 241.30939pt.

Underfull \vbox (badness 1231) has occurred while \output is active []

 [2 <D:/projects/sextante/docs/LaTeX/en/IntroductionToSEXTANTEForQGis/toolbox.p
ng (PNG copy)> <D:/projects/sextante/docs/LaTeX/en/IntroductionToSEXTANTEForQGi
s/models.png (PNG copy)>] <batch_processing.png, id=208, 605.26125pt x 347.7993
8pt>
File: batch_processing.png Graphic file (type png)

<use batch_processing.png>
Package pdftex.def Info: batch_processing.png used on input line 31.
(pdftex.def)             Requested size: 356.28796pt x 204.73283pt.
)
(D:\projects\sextante\docs\LaTeX\en\IntroductionToSEXTANTEForQGis\toolbox.tex
[3 <D:/projects/sextante/docs/LaTeX/en/IntroductionToSEXTANTEForQGis/history.pn
g (PNG copy)> <D:/projects/sextante/docs/LaTeX/en/IntroductionToSEXTANTEForQGis
/batch_processing.png (PNG copy)>] [4

]
Chapter 2.
File: toolbox.png Graphic file (type png)
<use toolbox.png>
Package pdftex.def Info: toolbox.png used on input line 8.
(pdftex.def)             Requested size: 222.67912pt x 271.61078pt.
 [5]
<parameters_dialog.png, id=222, 495.35063pt x 359.84438pt>
File: parameters_dialog.png Graphic file (type png)

<use parameters_dialog.png>
Package pdftex.def Info: parameters_dialog.png used on input line 24.
(pdftex.def)             Requested size: 356.28796pt x 258.82419pt.
 [6 <D:/projects/sextante/docs/LaTeX/en/IntroductionToSEXTANTEForQGis/parameter
s_dialog.png (PNG copy)>]
<multiple_selection.png, id=227, 292.84406pt x 261.22594pt>
File: multiple_selection.png Graphic file (type png)

<use multiple_selection.png>
Package pdftex.def Info: multiple_selection.png used on input line 42.
(pdftex.def)             Requested size: 267.21767pt x 238.38959pt.
 <fixed_table.png, id=228, 457.71pt x 283.81032pt>
File: fixed_table.png Graphic file (type png)

<use fixed_table.png>
Package pdftex.def Info: fixed_table.png used on input line 48.
(pdftex.def)             Requested size: 400.8197pt x 248.54561pt.

Underfull \vbox (badness 10000) has occurred while \output is active []

 [7 <D:/projects/sextante/docs/LaTeX/en/IntroductionToSEXTANTEForQGis/multiple_
selection.png (PNG copy)>] [8 <D:/projects/sextante/docs/LaTeX/en/IntroductionT
oSEXTANTEForQGis/fixed_table.png (PNG copy)>]
<rendering_styles.png, id=237, 493.845pt x 291.33844pt>
File: rendering_styles.png Graphic file (type png)

<use rendering_styles.png>
Package pdftex.def Info: rendering_styles.png used on input line 89.
(pdftex.def)             Requested size: 267.21767pt x 157.64047pt.
)
(D:\projects\sextante\docs\LaTeX\en\IntroductionToSEXTANTEForQGis\modeler.tex
[9 <D:/projects/sextante/docs/LaTeX/en/IntroductionToSEXTANTEForQGis/rendering_
styles.png (PNG copy)>] [10]
Chapter 3.
<modeler_canvas.png, id=247, 759.58781pt x 472.01344pt>
File: modeler_canvas.png Graphic file (type png)

<use modeler_canvas.png>
Package pdftex.def Info: modeler_canvas.png used on input line 12.
(pdftex.def)             Requested size: 356.28796pt x 221.3998pt.
 [11

 <D:/projects/sextante/docs/LaTeX/en/IntroductionToSEXTANTEForQGis/modeler_canv
as.png (PNG copy)>]
<models_parameters.png, id=252, 260.47313pt x 203.25937pt>
File: models_parameters.png Graphic file (type png)

<use models_parameters.png>
Package pdftex.def Info: models_parameters.png used on input line 41.
(pdftex.def)             Requested size: 244.9484pt x 191.14445pt.

<models_parameters2.png, id=253, 244.915pt x 73.27374pt>
File: models_parameters2.png Graphic file (type png)

<use models_parameters2.png>
Package pdftex.def Info: models_parameters2.png used on input line 47.
(pdftex.def)             Requested size: 178.14058pt x 53.29706pt.
 [12 <D:/projects/sextante/docs/LaTeX/en/IntroductionToSEXTANTEForQGis/models_p
arameters.png (PNG copy)> <D:/projects/sextante/docs/LaTeX/en/IntroductionToSEX
TANTEForQGis/models_parameters2.png (PNG copy)>]
<models_parameters3.png, id=258, 758.835pt x 472.01344pt>
File: models_parameters3.png Graphic file (type png)

<use models_parameters3.png>
Package pdftex.def Info: models_parameters3.png used on input line 55.
(pdftex.def)             Requested size: 356.28796pt x 221.62306pt.

<models_parameters4.png, id=259, 495.35063pt x 359.09157pt>
File: models_parameters4.png Graphic file (type png)

<use models_parameters4.png>
Package pdftex.def Info: models_parameters4.png used on input line 61.
(pdftex.def)             Requested size: 356.28796pt x 258.28271pt.
 [13 <D:/projects/sextante/docs/LaTeX/en/IntroductionToSEXTANTEForQGis/models_p
arameters3.png (PNG copy)> <D:/projects/sextante/docs/LaTeX/en/IntroductionToSE
XTANTEForQGis/models_parameters4.png (PNG copy)>]
<models_parameters5.png, id=264, 758.835pt x 472.01344pt>
File: models_parameters5.png Graphic file (type png)

<use models_parameters5.png>
Package pdftex.def Info: models_parameters5.png used on input line 78.
(pdftex.def)             Requested size: 356.28796pt x 221.62306pt.
 [14 <D:/projects/sextante/docs/LaTeX/en/IntroductionToSEXTANTEForQGis/models_p
arameters5.png (PNG copy)>]
<models_icon.png, id=269, 233.37187pt x 84.315pt>
File: models_icon.png Graphic file (type png)
 <use models_icon.png>
Package pdftex.def Info: models_icon.png used on input line 108.
(pdftex.def)             Requested size: 222.67912pt x 80.45514pt.
)
(D:\projects\sextante\docs\LaTeX\en\IntroductionToSEXTANTEForQGis\batch.tex
[15 <D:/projects/sextante/docs/LaTeX/en/IntroductionToSEXTANTEForQGis/models_ic
on.png (PNG copy)>] [16

]
Chapter 4.

Overfull \hbox (6.63403pt too wide) in paragraph at lines 1--1
[]\OT1/cmr/bx/n/24.88 The SEX-TANTE batch pro-cess-ing in-
 []

<batch_processing_right_click.png, id=279, 191.21437pt x 48.93282pt>
File: batch_processing_right_click.png Graphic file (type png)

<use batch_processing_right_click.png>
Package pdftex.def Info: batch_processing_right_click.png used on input line 10
.
(pdftex.def)             Requested size: 222.67912pt x 56.98756pt.
File: batch_processing.png Graphic file (type png)
 <use batch_processing.png>
Package pdftex.def Info: batch_processing.png used on input line 19.
(pdftex.def)             Requested size: 400.8197pt x 230.3231pt.

Underfull \vbox (badness 10000) has occurred while \output is active []

 [17 <D:/projects/sextante/docs/LaTeX/en/IntroductionToSEXTANTEForQGis/batch_pr
ocessing_right_click.png (PNG copy)>]
<batch_processing_save.png, id=284, 197.98969pt x 158.09062pt>
File: batch_processing_save.png Graphic file (type png)

<use batch_processing_save.png>
Package pdftex.def Info: batch_processing_save.png used on input line 42.
(pdftex.def)             Requested size: 200.40985pt x 160.02486pt.

Underfull \vbox (badness 4634) has occurred while \output is active []

 [18]
<batch_processing_filepath.png, id=289, 369.38pt x 84.315pt>
File: batch_processing_filepath.png Graphic file (type png)

<use batch_processing_filepath.png>
Package pdftex.def Info: batch_processing_filepath.png used on input line 51.
(pdftex.def)             Requested size: 267.21767pt x 60.99492pt.
)
(D:\projects\sextante\docs\LaTeX\en\IntroductionToSEXTANTEForQGis\console.tex
[19 <D:/projects/sextante/docs/LaTeX/en/IntroductionToSEXTANTEForQGis/batch_pro
cessing_save.png (PNG copy)> <D:/projects/sextante/docs/LaTeX/en/IntroductionTo
SEXTANTEForQGis/batch_processing_filepath.png (PNG copy)>] [20

]
Chapter 5.

Overfull \hbox (14.53676pt too wide) in paragraph at lines 48--48
[]\OT1/cmtt/m/n/10.95 Accumulated Cost (Anisotropic)---------------->saga:accum
ulatedcost(anisotropic)[] 
 []

[21]
Overfull \hbox (3.03938pt too wide) in paragraph at lines 48--48
[]\OT1/cmtt/m/n/10.95 Accumulated Cost (Isotropic)------------------>saga:accum
ulatedcost(isotropic)[] 
 []


Overfull \hbox (14.53676pt too wide) in paragraph at lines 48--48
[]\OT1/cmtt/m/n/10.95 Add Polygon Attributes to Points-------------->saga:addpo
lygonattributestopoints[] 
 []


Overfull \hbox (3.03938pt too wide) in paragraph at lines 48--48
[]\OT1/cmtt/m/n/10.95 Aggregate Point Observations------------------>saga:aggre
gatepointobservations[] 
 []


Overfull \hbox (3.03938pt too wide) in paragraph at lines 48--48
[]\OT1/cmtt/m/n/10.95 Analytical Hierarchy Process------------------>saga:analy
ticalhierarchyprocess[] 
 []


Overfull \hbox (37.53151pt too wide) in paragraph at lines 62--62
[]\OT1/cmtt/m/n/10.95 Relative Heights and Slope Positions---------->saga:relat
iveheightsandslopepositions[] 
 []


Overfull \hbox (8.78807pt too wide) in paragraph at lines 62--62
[]\OT1/cmtt/m/n/10.95 Vegetation Index[slope based]----------------->saga:veget
ationindex[slopebased][] 
 []

[22]
Overfull \hbox (13.16838pt too wide) in paragraph at lines 106--106
 []\OT1/cmtt/m/n/10.95 2 - [2] Least Squares Fitted Plane (Horn 1981, Costa-Cab
ral & Burgess 1996)[] 
 []

[23] [24]
Overfull \hbox (9.7328pt too wide) in paragraph at lines 158--159
[]\OT1/cmtt/m/n/10.95 raster\OT1/cmr/m/n/10.95 . A nu-mer-i-cal value. A de-fau
lt value must be pro-vided. For in-stance, \OT1/cmtt/m/n/10.95 depth=number
 []

) (D:\projects\sextante\docs\LaTeX\en\IntroductionToSEXTANTEForQGis\history.tex
[25] [26]
Chapter 6.
File: history.png Graphic file (type png)
<use history.png>
Package pdftex.def Info: history.png used on input line 12.
(pdftex.def)             Requested size: 311.74942pt x 211.14314pt.
 [27

])
(D:\projects\sextante\docs\LaTeX\en\IntroductionToSEXTANTEForQGis\3rdParty.tex
[28]
Chapter 7.
[29

] [30] [31]
Overfull \hbox (18.28065pt too wide) in paragraph at lines 90--91
\OT1/cmr/m/n/10.95 named \OT1/cmtt/m/n/10.95 out \OT1/cmr/m/n/10.95 and store a
 \OT1/cmtt/m/n/10.95 Spatial*DataFrame \OT1/cmr/m/n/10.95 ob-ject in it (in thi
s case, a \OT1/cmtt/m/n/10.95 SpatialPointsDataFrame\OT1/cmr/m/n/10.95 ).
 []

)
Package atveryend Info: Empty hook `BeforeClearDocument' on input line 112.
 [32]
Package atveryend Info: Empty hook `AfterLastShipout' on input line 112.

(D:\projects\sextante\docs\LaTeX\en\IntroductionToSEXTANTEForQGis\IntroductionT
oSEXTANTE.aux)
Package atveryend Info: Executing hook `AtVeryEndDocument' on input line 112.
Package atveryend Info: Executing hook `AtEndAfterFileList' on input line 112.
Package rerunfilecheck Info: File `IntroductionToSEXTANTE.out' has not changed.

(rerunfilecheck)             Checksum: C9B83082AB0C5E8AF76F7014E9FEFD87;2262.
 ) 
Here is how much of TeX's memory you used:
 6013 strings out of 494045
 88131 string characters out of 3145966
 169735 words of memory out of 3000000
 9127 multiletter control sequences out of 15000+200000
 16042 words of font info for 66 fonts, out of 3000000 for 9000
 715 hyphenation exceptions out of 8191
 29i,7n,28p,983b,501s stack positions out of 5000i,500n,10000p,200000b,50000s
<C:/Program Files (x86)/MiKTeX 2.9/fonts/type1/public/amsfonts/cm/cmbx10.pfb>
<C:/Program Files (x86)/MiKTeX 2.9/fonts/type1/public/amsfonts/cm/cmbx12.pfb><C
:/Program Files (x86)/MiKTeX 2.9/fonts/type1/public/amsfonts/cm/cmcsc10.pfb><C:
/Program Files (x86)/MiKTeX 2.9/fonts/type1/public/amsfonts/cm/cmmi10.pfb><C:/P
rogram Files (x86)/MiKTeX 2.9/fonts/type1/public/amsfonts/cm/cmr10.pfb><C:/Prog
ram Files (x86)/MiKTeX 2.9/fonts/type1/public/amsfonts/cm/cmr12.pfb><C:/Program
 Files (x86)/MiKTeX 2.9/fonts/type1/public/amsfonts/cm/cmsl10.pfb><C:/Program F
iles (x86)/MiKTeX 2.9/fonts/type1/public/amsfonts/cm/cmsy10.pfb><C:/Program Fil
es (x86)/MiKTeX 2.9/fonts/type1/public/amsfonts/cm/cmti10.pfb><C:/Program Files
 (x86)/MiKTeX 2.9/fonts/type1/public/amsfonts/cm/cmtt10.pfb>
Output written on IntroductionToSEXTANTE.pdf (36 pages, 952420 bytes).
PDF statistics:
 398 PDF objects out of 1000 (max. 8388607)
 70 named destinations out of 1000 (max. 500000)
 357 words of extra memory for PDF output out of 10000 (max. 10000000)

