\BOOKMARK [0][-]{chapter.1}{Introduction}{}% 1
\BOOKMARK [1][-]{section.1.1}{Introduction}{chapter.1}% 2
\BOOKMARK [1][-]{section.1.2}{Basic elements of the SEXTANTE GUI}{chapter.1}% 3
\BOOKMARK [0][-]{chapter.2}{The SEXTANTE toolbox}{}% 4
\BOOKMARK [1][-]{section.2.1}{Introduction}{chapter.2}% 5
\BOOKMARK [1][-]{section.2.2}{The algorithm dialog}{chapter.2}% 6
\BOOKMARK [2][-]{subsection.2.2.1}{The parameters tab}{section.2.2}% 7
\BOOKMARK [2][-]{subsection.2.2.2}{The analysis region tab}{section.2.2}% 8
\BOOKMARK [1][-]{section.2.3}{Data objects generated by SEXTANTE algorithms}{chapter.2}% 9
\BOOKMARK [1][-]{section.2.4}{Context help}{chapter.2}% 10
\BOOKMARK [1][-]{section.2.5}{Configuring SEXTANTE}{chapter.2}% 11
\BOOKMARK [2][-]{subsection.2.5.1}{General}{section.2.5}% 12
\BOOKMARK [2][-]{subsection.2.5.2}{Folders}{section.2.5}% 13
\BOOKMARK [2][-]{subsection.2.5.3}{Model}{section.2.5}% 14
\BOOKMARK [2][-]{subsection.2.5.4}{GRASS, SAGA and other additional algorithm providers}{section.2.5}% 15
\BOOKMARK [1][-]{section.2.6}{Iterative execution of algorithms}{chapter.2}% 16
\BOOKMARK [0][-]{chapter.3}{The SEXTANTE graphical modeler}{}% 17
\BOOKMARK [1][-]{section.3.1}{Introduction}{chapter.3}% 18
\BOOKMARK [1][-]{section.3.2}{Definition of inputs}{chapter.3}% 19
\BOOKMARK [1][-]{section.3.3}{Definition of the workflow}{chapter.3}% 20
\BOOKMARK [1][-]{section.3.4}{Editing the model}{chapter.3}% 21
\BOOKMARK [1][-]{section.3.5}{Saving and loading models}{chapter.3}% 22
\BOOKMARK [0][-]{chapter.4}{The SEXTANTE batch processing interface}{}% 23
\BOOKMARK [1][-]{section.4.1}{Introducci\363n}{chapter.4}% 24
\BOOKMARK [1][-]{section.4.2}{The parameters table}{chapter.4}% 25
\BOOKMARK [1][-]{section.4.3}{Filling the parameters table}{chapter.4}% 26
\BOOKMARK [1][-]{section.4.4}{Setting the output region}{chapter.4}% 27
\BOOKMARK [1][-]{section.4.5}{Executing the batch process}{chapter.4}% 28
\BOOKMARK [0][-]{chapter.5}{The SEXTANTE command\205line interface}{}% 29
\BOOKMARK [1][-]{section.5.1}{Introduction}{chapter.5}% 30
\BOOKMARK [1][-]{section.5.2}{The interface}{chapter.5}% 31
\BOOKMARK [2][-]{subsection.5.2.1}{Getting information about data}{section.5.2}% 32
\BOOKMARK [1][-]{section.5.3}{Getting information about algorithms}{chapter.5}% 33
\BOOKMARK [1][-]{section.5.4}{Running an algorithm}{chapter.5}% 34
\BOOKMARK [1][-]{section.5.5}{Adjusting the analysis region}{chapter.5}% 35
\BOOKMARK [1][-]{section.5.6}{Managing layers from the command\205line interface}{chapter.5}% 36
\BOOKMARK [1][-]{section.5.7}{Creating scripts and running them from the toolbox}{chapter.5}% 37
\BOOKMARK [0][-]{chapter.6}{The SEXTANTE history manager}{}% 38
\BOOKMARK [1][-]{section.6.1}{Introduction}{chapter.6}% 39
\BOOKMARK [0][-]{chapter.7}{Configuring algorithm providers}{}% 40
\BOOKMARK [1][-]{section.7.1}{Introduction}{chapter.7}% 41
\BOOKMARK [1][-]{section.7.2}{SAGA}{chapter.7}% 42
\BOOKMARK [1][-]{section.7.3}{GRASS}{chapter.7}% 43
\BOOKMARK [2][-]{subsection.7.3.1}{R}{section.7.3}% 44
\BOOKMARK [1][-]{section.7.4}{Some important notes}{chapter.7}% 45
\BOOKMARK [1][-]{section.7.5}{More about the GRASS interface}{chapter.7}% 46
\BOOKMARK [2][-]{subsection.7.5.1}{Usage notes and limitations}{section.7.5}% 47
\BOOKMARK [3][-]{section*.2}{Message output from GRASS modules}{subsection.7.5.1}% 48
\BOOKMARK [3][-]{section*.3}{Graphical interface}{subsection.7.5.1}% 49
\BOOKMARK [3][-]{section*.4}{Vector data exchange}{subsection.7.5.1}% 50
\BOOKMARK [3][-]{section*.5}{Raster data exchange}{subsection.7.5.1}% 51
\BOOKMARK [3][-]{section*.6}{Topology}{subsection.7.5.1}% 52
\BOOKMARK [3][-]{section*.7}{The GRASS region}{subsection.7.5.1}% 53
\BOOKMARK [2][-]{subsection.7.5.2}{Windows notes}{section.7.5}% 54
\BOOKMARK [2][-]{subsection.7.5.3}{Notes on specific modules}{section.7.5}% 55
\BOOKMARK [3][-]{section*.8}{r.colors\(.stddev\)}{subsection.7.5.3}% 56
\BOOKMARK [3][-]{section*.9}{r.in/out.gdal}{subsection.7.5.3}% 57
\BOOKMARK [3][-]{section*.10}{r.mapcalculator}{subsection.7.5.3}% 58
\BOOKMARK [3][-]{section*.11}{r.null}{subsection.7.5.3}% 59
\BOOKMARK [3][-]{section*.12}{v.in/out.ogr}{subsection.7.5.3}% 60
\BOOKMARK [3][-]{section*.13}{v.surf.bspline}{subsection.7.5.3}% 61
\BOOKMARK [3][-]{section*.14}{v.surf.idw}{subsection.7.5.3}% 62
\BOOKMARK [3][-]{section*.15}{v.to.3d}{subsection.7.5.3}% 63
\BOOKMARK [2][-]{subsection.7.5.4}{Technical details}{section.7.5}% 64
\BOOKMARK [1][-]{section.7.6}{Creating R scripts}{chapter.7}% 65
